{"/Users/Mathias/Projects/punycode.js/punycode.js":{"path":"/Users/Mathias/Projects/punycode.js/punycode.js","s":{"1":1,"2":1,"3":1,"4":1,"5":1,"6":1,"7":1,"8":1,"9":2,"10":1,"11":122,"12":122,"13":577,"14":122,"15":1,"16":88,"17":1,"18":37,"19":37,"20":491,"21":491,"22":7,"23":7,"24":5,"25":2,"26":484,"27":37,"28":1,"29":34,"30":470,"31":470,"32":5,"33":5,"34":5,"35":470,"36":470,"37":1,"38":506,"39":154,"40":352,"41":3,"42":349,"43":348,"44":1,"45":1,"46":514,"47":1,"48":475,"49":475,"50":475,"51":475,"52":124,"53":475,"54":1,"55":33,"56":33,"57":33,"58":14,"59":33,"60":225,"61":1,"62":224,"63":32,"64":237,"65":506,"66":0,"67":506,"68":506,"69":1,"70":505,"71":505,"72":505,"73":236,"74":269,"75":269,"76":0,"77":269,"78":236,"79":236,"80":236,"81":0,"82":236,"83":236,"84":236,"85":31,"86":1,"87":34,"88":34,"89":34,"90":34,"91":34,"92":34,"93":34,"94":483,"95":483,"96":244,"97":34,"98":34,"99":22,"100":34,"101":195,"102":3651,"103":3651,"104":388,"105":195,"106":195,"107":0,"108":195,"109":195,"110":195,"111":3651,"112":3651,"113":0,"114":3651,"115":239,"116":514,"117":514,"118":239,"119":275,"120":275,"121":275,"122":275,"123":239,"124":239,"125":239,"126":239,"127":195,"128":195,"129":34,"130":1,"131":54,"132":62,"133":1,"134":34,"135":45,"136":1,"137":1,"138":0,"139":0,"140":1,"141":1,"142":1,"143":0,"144":0,"145":0},"b":{"1":[1,1],"2":[1,1,1,1],"3":[1,1],"4":[1,0],"5":[1,0],"6":[7,484],"7":[491,7],"8":[5,2],"9":[5,465],"10":[154,352],"11":[3,349],"12":[348,1],"13":[61,414],"14":[14,19],"15":[1,224],"16":[0,506],"17":[1,505],"18":[506,505],"19":[102,403],"20":[306,97],"21":[236,269],"22":[0,269],"23":[0,236],"24":[244,239],"25":[22,12],"26":[388,3263],"27":[3651,1593],"28":[0,195],"29":[0,3651],"30":[3651,2058],"31":[239,3412],"32":[108,406],"33":[309,97],"34":[239,275],"35":[6,56],"36":[10,35],"37":[0,1],"38":[1,0,0],"39":[1,0],"40":[1,1],"41":[1,0],"42":[0,0]},"f":{"1":1,"2":2,"3":122,"4":88,"5":37,"6":34,"7":470,"8":506,"9":514,"10":475,"11":33,"12":34,"13":54,"14":62,"15":34,"16":45,"17":0},"fnMap":{"1":{"name":"(anonymous_1)","line":2,"loc":{"start":{"line":2,"column":2},"end":{"line":2,"column":17}}},"2":{"name":"error","line":61,"loc":{"start":{"line":61,"column":1},"end":{"line":61,"column":22}}},"3":{"name":"map","line":73,"loc":{"start":{"line":73,"column":1},"end":{"line":73,"column":25}}},"4":{"name":"mapDomain","line":90,"loc":{"start":{"line":90,"column":1},"end":{"line":90,"column":32}}},"5":{"name":"ucs2decode","line":107,"loc":{"start":{"line":107,"column":1},"end":{"line":107,"column":29}}},"6":{"name":"ucs2encode","line":138,"loc":{"start":{"line":138,"column":1},"end":{"line":138,"column":28}}},"7":{"name":"(anonymous_7)","line":139,"loc":{"start":{"line":139,"column":20},"end":{"line":139,"column":36}}},"8":{"name":"basicToDigit","line":160,"loc":{"start":{"line":160,"column":1},"end":{"line":160,"column":34}}},"9":{"name":"digitToBasic","line":184,"loc":{"start":{"line":184,"column":1},"end":{"line":184,"column":36}}},"10":{"name":"adapt","line":195,"loc":{"start":{"line":195,"column":1},"end":{"line":195,"column":45}}},"11":{"name":"decode","line":212,"loc":{"start":{"line":212,"column":1},"end":{"line":212,"column":24}}},"12":{"name":"encode","line":314,"loc":{"start":{"line":314,"column":1},"end":{"line":314,"column":24}}},"13":{"name":"toUnicode","line":431,"loc":{"start":{"line":431,"column":1},"end":{"line":431,"column":28}}},"14":{"name":"(anonymous_14)","line":432,"loc":{"start":{"line":432,"column":27},"end":{"line":432,"column":44}}},"15":{"name":"toASCII","line":447,"loc":{"start":{"line":447,"column":1},"end":{"line":447,"column":26}}},"16":{"name":"(anonymous_16)","line":448,"loc":{"start":{"line":448,"column":27},"end":{"line":448,"column":44}}},"17":{"name":"(anonymous_17)","line":490,"loc":{"start":{"line":490,"column":9},"end":{"line":490,"column":20}}}},"statementMap":{"1":{"start":{"line":2,"column":1},"end":{"line":505,"column":9}},"2":{"start":{"line":5,"column":1},"end":{"line":5,"column":57}},"3":{"start":{"line":6,"column":1},"end":{"line":7,"column":42}},"4":{"start":{"line":8,"column":1},"end":{"line":8,"column":54}},"5":{"start":{"line":9,"column":1},"end":{"line":11,"column":2}},"6":{"start":{"line":10,"column":2},"end":{"line":10,"column":20}},"7":{"start":{"line":18,"column":1},"end":{"line":51,"column":5}},"8":{"start":{"line":61,"column":1},"end":{"line":63,"column":2}},"9":{"start":{"line":62,"column":2},"end":{"line":62,"column":33}},"10":{"start":{"line":73,"column":1},"end":{"line":79,"column":2}},"11":{"start":{"line":74,"column":2},"end":{"line":74,"column":28}},"12":{"start":{"line":75,"column":2},"end":{"line":77,"column":3}},"13":{"start":{"line":76,"column":3},"end":{"line":76,"column":37}},"14":{"start":{"line":78,"column":2},"end":{"line":78,"column":15}},"15":{"start":{"line":90,"column":1},"end":{"line":92,"column":2}},"16":{"start":{"line":91,"column":2},"end":{"line":91,"column":58}},"17":{"start":{"line":107,"column":1},"end":{"line":128,"column":2}},"18":{"start":{"line":108,"column":2},"end":{"line":112,"column":12}},"19":{"start":{"line":113,"column":2},"end":{"line":126,"column":3}},"20":{"start":{"line":114,"column":3},"end":{"line":114,"column":40}},"21":{"start":{"line":115,"column":3},"end":{"line":125,"column":4}},"22":{"start":{"line":117,"column":4},"end":{"line":117,"column":41}},"23":{"start":{"line":118,"column":4},"end":{"line":122,"column":5}},"24":{"start":{"line":119,"column":5},"end":{"line":119,"column":70}},"25":{"start":{"line":121,"column":5},"end":{"line":121,"column":31}},"26":{"start":{"line":124,"column":4},"end":{"line":124,"column":23}},"27":{"start":{"line":127,"column":2},"end":{"line":127,"column":16}},"28":{"start":{"line":138,"column":1},"end":{"line":149,"column":2}},"29":{"start":{"line":139,"column":2},"end":{"line":148,"column":14}},"30":{"start":{"line":140,"column":3},"end":{"line":140,"column":19}},"31":{"start":{"line":141,"column":3},"end":{"line":145,"column":4}},"32":{"start":{"line":142,"column":4},"end":{"line":142,"column":21}},"33":{"start":{"line":143,"column":4},"end":{"line":143,"column":64}},"34":{"start":{"line":144,"column":4},"end":{"line":144,"column":35}},"35":{"start":{"line":146,"column":3},"end":{"line":146,"column":39}},"36":{"start":{"line":147,"column":3},"end":{"line":147,"column":17}},"37":{"start":{"line":160,"column":1},"end":{"line":171,"column":2}},"38":{"start":{"line":161,"column":2},"end":{"line":163,"column":3}},"39":{"start":{"line":162,"column":3},"end":{"line":162,"column":25}},"40":{"start":{"line":164,"column":2},"end":{"line":166,"column":3}},"41":{"start":{"line":165,"column":3},"end":{"line":165,"column":25}},"42":{"start":{"line":167,"column":2},"end":{"line":169,"column":3}},"43":{"start":{"line":168,"column":3},"end":{"line":168,"column":25}},"44":{"start":{"line":170,"column":2},"end":{"line":170,"column":14}},"45":{"start":{"line":184,"column":1},"end":{"line":188,"column":2}},"46":{"start":{"line":187,"column":2},"end":{"line":187,"column":61}},"47":{"start":{"line":195,"column":1},"end":{"line":203,"column":2}},"48":{"start":{"line":196,"column":2},"end":{"line":196,"column":12}},"49":{"start":{"line":197,"column":2},"end":{"line":197,"column":55}},"50":{"start":{"line":198,"column":2},"end":{"line":198,"column":36}},"51":{"start":{"line":199,"column":2},"end":{"line":201,"column":3}},"52":{"start":{"line":200,"column":3},"end":{"line":200,"column":40}},"53":{"start":{"line":202,"column":2},"end":{"line":202,"column":65}},"54":{"start":{"line":212,"column":1},"end":{"line":305,"column":2}},"55":{"start":{"line":214,"column":2},"end":{"line":230,"column":17}},"56":{"start":{"line":236,"column":2},"end":{"line":236,"column":39}},"57":{"start":{"line":237,"column":2},"end":{"line":239,"column":3}},"58":{"start":{"line":238,"column":3},"end":{"line":238,"column":13}},"59":{"start":{"line":241,"column":2},"end":{"line":247,"column":3}},"60":{"start":{"line":243,"column":3},"end":{"line":245,"column":4}},"61":{"start":{"line":244,"column":4},"end":{"line":244,"column":23}},"62":{"start":{"line":246,"column":3},"end":{"line":246,"column":36}},"63":{"start":{"line":252,"column":2},"end":{"line":302,"column":3}},"64":{"start":{"line":259,"column":3},"end":{"line":285,"column":4}},"65":{"start":{"line":261,"column":4},"end":{"line":263,"column":5}},"66":{"start":{"line":262,"column":5},"end":{"line":262,"column":28}},"67":{"start":{"line":265,"column":4},"end":{"line":265,"column":52}},"68":{"start":{"line":267,"column":4},"end":{"line":269,"column":5}},"69":{"start":{"line":268,"column":5},"end":{"line":268,"column":23}},"70":{"start":{"line":271,"column":4},"end":{"line":271,"column":19}},"71":{"start":{"line":272,"column":4},"end":{"line":272,"column":64}},"72":{"start":{"line":274,"column":4},"end":{"line":276,"column":5}},"73":{"start":{"line":275,"column":5},"end":{"line":275,"column":11}},"74":{"start":{"line":278,"column":4},"end":{"line":278,"column":26}},"75":{"start":{"line":279,"column":4},"end":{"line":281,"column":5}},"76":{"start":{"line":280,"column":5},"end":{"line":280,"column":23}},"77":{"start":{"line":283,"column":4},"end":{"line":283,"column":20}},"78":{"start":{"line":287,"column":3},"end":{"line":287,"column":27}},"79":{"start":{"line":288,"column":3},"end":{"line":288,"column":42}},"80":{"start":{"line":292,"column":3},"end":{"line":294,"column":4}},"81":{"start":{"line":293,"column":4},"end":{"line":293,"column":22}},"82":{"start":{"line":296,"column":3},"end":{"line":296,"column":23}},"83":{"start":{"line":297,"column":3},"end":{"line":297,"column":12}},"84":{"start":{"line":300,"column":3},"end":{"line":300,"column":28}},"85":{"start":{"line":304,"column":2},"end":{"line":304,"column":28}},"86":{"start":{"line":314,"column":1},"end":{"line":419,"column":2}},"87":{"start":{"line":315,"column":2},"end":{"line":332,"column":14}},"88":{"start":{"line":335,"column":2},"end":{"line":335,"column":28}},"89":{"start":{"line":338,"column":2},"end":{"line":338,"column":29}},"90":{"start":{"line":341,"column":2},"end":{"line":341,"column":15}},"91":{"start":{"line":342,"column":2},"end":{"line":342,"column":12}},"92":{"start":{"line":343,"column":2},"end":{"line":343,"column":21}},"93":{"start":{"line":346,"column":2},"end":{"line":351,"column":3}},"94":{"start":{"line":347,"column":3},"end":{"line":347,"column":27}},"95":{"start":{"line":348,"column":3},"end":{"line":350,"column":4}},"96":{"start":{"line":349,"column":4},"end":{"line":349,"column":50}},"97":{"start":{"line":353,"column":2},"end":{"line":353,"column":47}},"98":{"start":{"line":359,"column":2},"end":{"line":361,"column":3}},"99":{"start":{"line":360,"column":3},"end":{"line":360,"column":26}},"100":{"start":{"line":364,"column":2},"end":{"line":417,"column":3}},"101":{"start":{"line":368,"column":3},"end":{"line":373,"column":4}},"102":{"start":{"line":369,"column":4},"end":{"line":369,"column":28}},"103":{"start":{"line":370,"column":4},"end":{"line":372,"column":5}},"104":{"start":{"line":371,"column":5},"end":{"line":371,"column":22}},"105":{"start":{"line":377,"column":3},"end":{"line":377,"column":46}},"106":{"start":{"line":378,"column":3},"end":{"line":380,"column":4}},"107":{"start":{"line":379,"column":4},"end":{"line":379,"column":22}},"108":{"start":{"line":382,"column":3},"end":{"line":382,"column":44}},"109":{"start":{"line":383,"column":3},"end":{"line":383,"column":9}},"110":{"start":{"line":385,"column":3},"end":{"line":412,"column":4}},"111":{"start":{"line":386,"column":4},"end":{"line":386,"column":28}},"112":{"start":{"line":388,"column":4},"end":{"line":390,"column":5}},"113":{"start":{"line":389,"column":5},"end":{"line":389,"column":23}},"114":{"start":{"line":392,"column":4},"end":{"line":411,"column":5}},"115":{"start":{"line":394,"column":5},"end":{"line":405,"column":6}},"116":{"start":{"line":395,"column":6},"end":{"line":395,"column":66}},"117":{"start":{"line":396,"column":6},"end":{"line":398,"column":7}},"118":{"start":{"line":397,"column":7},"end":{"line":397,"column":13}},"119":{"start":{"line":399,"column":6},"end":{"line":399,"column":22}},"120":{"start":{"line":400,"column":6},"end":{"line":400,"column":28}},"121":{"start":{"line":401,"column":6},"end":{"line":403,"column":8}},"122":{"start":{"line":404,"column":6},"end":{"line":404,"column":38}},"123":{"start":{"line":407,"column":5},"end":{"line":407,"column":57}},"124":{"start":{"line":408,"column":5},"end":{"line":408,"column":79}},"125":{"start":{"line":409,"column":5},"end":{"line":409,"column":15}},"126":{"start":{"line":410,"column":5},"end":{"line":410,"column":22}},"127":{"start":{"line":414,"column":3},"end":{"line":414,"column":11}},"128":{"start":{"line":415,"column":3},"end":{"line":415,"column":7}},"129":{"start":{"line":418,"column":2},"end":{"line":418,"column":25}},"130":{"start":{"line":431,"column":1},"end":{"line":437,"column":2}},"131":{"start":{"line":432,"column":2},"end":{"line":436,"column":5}},"132":{"start":{"line":433,"column":3},"end":{"line":435,"column":13}},"133":{"start":{"line":447,"column":1},"end":{"line":453,"column":2}},"134":{"start":{"line":448,"column":2},"end":{"line":452,"column":5}},"135":{"start":{"line":449,"column":3},"end":{"line":451,"column":13}},"136":{"start":{"line":458,"column":1},"end":{"line":480,"column":3}},"137":{"start":{"line":485,"column":1},"end":{"line":503,"column":2}},"138":{"start":{"line":490,"column":2},"end":{"line":492,"column":5}},"139":{"start":{"line":491,"column":3},"end":{"line":491,"column":19}},"140":{"start":{"line":493,"column":8},"end":{"line":503,"column":2}},"141":{"start":{"line":494,"column":2},"end":{"line":500,"column":3}},"142":{"start":{"line":495,"column":3},"end":{"line":495,"column":33}},"143":{"start":{"line":497,"column":3},"end":{"line":499,"column":4}},"144":{"start":{"line":498,"column":4},"end":{"line":498,"column":71}},"145":{"start":{"line":502,"column":2},"end":{"line":502,"column":27}}},"branchMap":{"1":{"line":5,"type":"binary-expr","locations":[{"start":{"line":5,"column":19},"end":{"line":5,"column":45}},{"start":{"line":5,"column":49},"end":{"line":5,"column":56}}]},"2":{"line":6,"type":"binary-expr","locations":[{"start":{"line":6,"column":18},"end":{"line":6,"column":43}},{"start":{"line":6,"column":47},"end":{"line":6,"column":53}},{"start":{"line":7,"column":2},"end":{"line":7,"column":31}},{"start":{"line":7,"column":35},"end":{"line":7,"column":41}}]},"3":{"line":8,"type":"binary-expr","locations":[{"start":{"line":8,"column":18},"end":{"line":8,"column":43}},{"start":{"line":8,"column":47},"end":{"line":8,"column":53}}]},"4":{"line":9,"type":"if","locations":[{"start":{"line":9,"column":1},"end":{"line":9,"column":1}},{"start":{"line":9,"column":1},"end":{"line":9,"column":1}}]},"5":{"line":9,"type":"binary-expr","locations":[{"start":{"line":9,"column":5},"end":{"line":9,"column":37}},{"start":{"line":9,"column":41},"end":{"line":9,"column":73}}]},"6":{"line":115,"type":"if","locations":[{"start":{"line":115,"column":3},"end":{"line":115,"column":3}},{"start":{"line":115,"column":3},"end":{"line":115,"column":3}}]},"7":{"line":115,"type":"binary-expr","locations":[{"start":{"line":115,"column":7},"end":{"line":115,"column":33}},{"start":{"line":115,"column":37},"end":{"line":115,"column":53}}]},"8":{"line":118,"type":"if","locations":[{"start":{"line":118,"column":4},"end":{"line":118,"column":4}},{"start":{"line":118,"column":4},"end":{"line":118,"column":4}}]},"9":{"line":141,"type":"if","locations":[{"start":{"line":141,"column":3},"end":{"line":141,"column":3}},{"start":{"line":141,"column":3},"end":{"line":141,"column":3}}]},"10":{"line":161,"type":"if","locations":[{"start":{"line":161,"column":2},"end":{"line":161,"column":2}},{"start":{"line":161,"column":2},"end":{"line":161,"column":2}}]},"11":{"line":164,"type":"if","locations":[{"start":{"line":164,"column":2},"end":{"line":164,"column":2}},{"start":{"line":164,"column":2},"end":{"line":164,"column":2}}]},"12":{"line":167,"type":"if","locations":[{"start":{"line":167,"column":2},"end":{"line":167,"column":2}},{"start":{"line":167,"column":2},"end":{"line":167,"column":2}}]},"13":{"line":197,"type":"cond-expr","locations":[{"start":{"line":197,"column":22},"end":{"line":197,"column":41}},{"start":{"line":197,"column":44},"end":{"line":197,"column":54}}]},"14":{"line":237,"type":"if","locations":[{"start":{"line":237,"column":2},"end":{"line":237,"column":2}},{"start":{"line":237,"column":2},"end":{"line":237,"column":2}}]},"15":{"line":243,"type":"if","locations":[{"start":{"line":243,"column":3},"end":{"line":243,"column":3}},{"start":{"line":243,"column":3},"end":{"line":243,"column":3}}]},"16":{"line":261,"type":"if","locations":[{"start":{"line":261,"column":4},"end":{"line":261,"column":4}},{"start":{"line":261,"column":4},"end":{"line":261,"column":4}}]},"17":{"line":267,"type":"if","locations":[{"start":{"line":267,"column":4},"end":{"line":267,"column":4}},{"start":{"line":267,"column":4},"end":{"line":267,"column":4}}]},"18":{"line":267,"type":"binary-expr","locations":[{"start":{"line":267,"column":8},"end":{"line":267,"column":21}},{"start":{"line":267,"column":25},"end":{"line":267,"column":56}}]},"19":{"line":272,"type":"cond-expr","locations":[{"start":{"line":272,"column":20},"end":{"line":272,"column":24}},{"start":{"line":272,"column":28},"end":{"line":272,"column":62}}]},"20":{"line":272,"type":"cond-expr","locations":[{"start":{"line":272,"column":47},"end":{"line":272,"column":51}},{"start":{"line":272,"column":54},"end":{"line":272,"column":62}}]},"21":{"line":274,"type":"if","locations":[{"start":{"line":274,"column":4},"end":{"line":274,"column":4}},{"start":{"line":274,"column":4},"end":{"line":274,"column":4}}]},"22":{"line":279,"type":"if","locations":[{"start":{"line":279,"column":4},"end":{"line":279,"column":4}},{"start":{"line":279,"column":4},"end":{"line":279,"column":4}}]},"23":{"line":292,"type":"if","locations":[{"start":{"line":292,"column":3},"end":{"line":292,"column":3}},{"start":{"line":292,"column":3},"end":{"line":292,"column":3}}]},"24":{"line":348,"type":"if","locations":[{"start":{"line":348,"column":3},"end":{"line":348,"column":3}},{"start":{"line":348,"column":3},"end":{"line":348,"column":3}}]},"25":{"line":359,"type":"if","locations":[{"start":{"line":359,"column":2},"end":{"line":359,"column":2}},{"start":{"line":359,"column":2},"end":{"line":359,"column":2}}]},"26":{"line":370,"type":"if","locations":[{"start":{"line":370,"column":4},"end":{"line":370,"column":4}},{"start":{"line":370,"column":4},"end":{"line":370,"column":4}}]},"27":{"line":370,"type":"binary-expr","locations":[{"start":{"line":370,"column":8},"end":{"line":370,"column":25}},{"start":{"line":370,"column":29},"end":{"line":370,"column":45}}]},"28":{"line":378,"type":"if","locations":[{"start":{"line":378,"column":3},"end":{"line":378,"column":3}},{"start":{"line":378,"column":3},"end":{"line":378,"column":3}}]},"29":{"line":388,"type":"if","locations":[{"start":{"line":388,"column":4},"end":{"line":388,"column":4}},{"start":{"line":388,"column":4},"end":{"line":388,"column":4}}]},"30":{"line":388,"type":"binary-expr","locations":[{"start":{"line":388,"column":8},"end":{"line":388,"column":24}},{"start":{"line":388,"column":28},"end":{"line":388,"column":44}}]},"31":{"line":392,"type":"if","locations":[{"start":{"line":392,"column":4},"end":{"line":392,"column":4}},{"start":{"line":392,"column":4},"end":{"line":392,"column":4}}]},"32":{"line":395,"type":"cond-expr","locations":[{"start":{"line":395,"column":22},"end":{"line":395,"column":26}},{"start":{"line":395,"column":30},"end":{"line":395,"column":64}}]},"33":{"line":395,"type":"cond-expr","locations":[{"start":{"line":395,"column":49},"end":{"line":395,"column":53}},{"start":{"line":395,"column":56},"end":{"line":395,"column":64}}]},"34":{"line":396,"type":"if","locations":[{"start":{"line":396,"column":6},"end":{"line":396,"column":6}},{"start":{"line":396,"column":6},"end":{"line":396,"column":6}}]},"35":{"line":433,"type":"cond-expr","locations":[{"start":{"line":434,"column":6},"end":{"line":434,"column":43}},{"start":{"line":435,"column":6},"end":{"line":435,"column":12}}]},"36":{"line":449,"type":"cond-expr","locations":[{"start":{"line":450,"column":6},"end":{"line":450,"column":29}},{"start":{"line":451,"column":6},"end":{"line":451,"column":12}}]},"37":{"line":485,"type":"if","locations":[{"start":{"line":485,"column":1},"end":{"line":485,"column":1}},{"start":{"line":485,"column":1},"end":{"line":485,"column":1}}]},"38":{"line":486,"type":"binary-expr","locations":[{"start":{"line":486,"column":2},"end":{"line":486,"column":29}},{"start":{"line":487,"column":2},"end":{"line":487,"column":31}},{"start":{"line":488,"column":2},"end":{"line":488,"column":12}}]},"39":{"line":493,"type":"if","locations":[{"start":{"line":493,"column":8},"end":{"line":493,"column":8}},{"start":{"line":493,"column":8},"end":{"line":493,"column":8}}]},"40":{"line":493,"type":"binary-expr","locations":[{"start":{"line":493,"column":12},"end":{"line":493,"column":23}},{"start":{"line":493,"column":27},"end":{"line":493,"column":48}}]},"41":{"line":494,"type":"if","locations":[{"start":{"line":494,"column":2},"end":{"line":494,"column":2}},{"start":{"line":494,"column":2},"end":{"line":494,"column":2}}]},"42":{"line":498,"type":"binary-expr","locations":[{"start":{"line":498,"column":4},"end":{"line":498,"column":32}},{"start":{"line":498,"column":37},"end":{"line":498,"column":69}}]}}}}